<?xml version="1.0" encoding="utf-8"?><testsuites name="pytest tests"><testsuite name="pytest" errors="0" failures="1" skipped="0" tests="22" time="14.997" timestamp="2026-03-05T18:58:13.303484+00:00" hostname="agent-env-ebe8f4b0-952e-4f95-85ae-0f77a9b1519f"><testcase classname="backend.tests.test_safeher_backend.TestHealthAndSeed" name="test_health_check" time="0.328" /><testcase classname="backend.tests.test_safeher_backend.TestHealthAndSeed" name="test_seed_data" time="0.087" /><testcase classname="backend.tests.test_safeher_backend.TestAuthentication" name="test_register_new_user" time="0.314" /><testcase classname="backend.tests.test_safeher_backend.TestAuthentication" name="test_register_duplicate_email" time="0.446" /><testcase classname="backend.tests.test_safeher_backend.TestAuthentication" name="test_login_success" time="0.635" /><testcase classname="backend.tests.test_safeher_backend.TestAuthentication" name="test_login_invalid_credentials" time="0.069" /><testcase classname="backend.tests.test_safeher_backend.TestAuthentication" name="test_get_profile" time="0.361" /><testcase classname="backend.tests.test_safeher_backend.TestTrustedContacts" name="test_add_contact_and_verify" time="0.104"><failure message="assert 400 == 200&#10; +  where 400 = &lt;Response [400]&gt;.status_code">backend/tests/test_safeher_backend.py:118: in test_add_contact_and_verify
    assert response.status_code == 200
E   assert 400 == 200
E    +  where 400 = &lt;Response [400]&gt;.status_code</failure></testcase><testcase classname="backend.tests.test_safeher_backend.TestTrustedContacts" name="test_list_contacts" time="0.066" /><testcase classname="backend.tests.test_safeher_backend.TestTrustedContacts" name="test_max_3_contacts" time="0.340" /><testcase classname="backend.tests.test_safeher_backend.TestTrustedContacts" name="test_delete_contact" time="0.074" /><testcase classname="backend.tests.test_safeher_backend.TestTrips" name="test_start_trip_and_verify" time="0.212" /><testcase classname="backend.tests.test_safeher_backend.TestTrips" name="test_get_trips" time="0.071" /><testcase classname="backend.tests.test_safeher_backend.TestTrips" name="test_get_active_trip" time="0.104" /><testcase classname="backend.tests.test_safeher_backend.TestTrips" name="test_end_trip" time="0.155" /><testcase classname="backend.tests.test_safeher_backend.TestReports" name="test_create_report_and_verify" time="0.143" /><testcase classname="backend.tests.test_safeher_backend.TestReports" name="test_get_reports" time="0.083" /><testcase classname="backend.tests.test_safeher_backend.TestSafetyScores" name="test_get_all_safety_scores" time="0.067" /><testcase classname="backend.tests.test_safeher_backend.TestSafetyScores" name="test_get_transport_safety" time="0.070" /><testcase classname="backend.tests.test_safeher_backend.TestAlerts" name="test_trigger_sos_and_verify" time="0.169" /><testcase classname="backend.tests.test_safeher_backend.TestAlerts" name="test_get_alerts" time="0.065" /><testcase classname="backend.tests.test_safeher_backend.TestAIRouteAnalysis" name="test_analyze_route" time="10.993" /></testsuite></testsuites>